2019-08-20 01:20:50,141 INFO : process transaction state change [in tasks: /mrsservice/mrsservice/blueprints/route/tasks.py:26]
2019-08-20 01:20:50,141 INFO : process transaction state change [in tasks: /mrsservice/mrsservice/blueprints/route/tasks.py:26]
2019-08-20 01:20:50,141 INFO : process transaction state change [in tasks: /mrsservice/mrsservice/blueprints/route/tasks.py:26]
2019-08-20 01:20:50,141 INFO : process transaction state change [in tasks: /mrsservice/mrsservice/blueprints/route/tasks.py:26]
2019-08-20 01:20:50,142 INFO : cloudamqp_url  [in tasks: /mrsservice/mrsservice/blueprints/route/tasks.py:19]
2019-08-20 01:20:50,142 INFO : cloudamqp_url  [in tasks: /mrsservice/mrsservice/blueprints/route/tasks.py:19]
2019-08-20 01:20:50,142 INFO : cloudamqp_url  [in tasks: /mrsservice/mrsservice/blueprints/route/tasks.py:19]
2019-08-20 01:20:50,142 INFO : cloudamqp_url  [in tasks: /mrsservice/mrsservice/blueprints/route/tasks.py:19]
2019-08-20 01:20:50,149 ERROR : Error while process transaction confirm : [Errno 111] Connection refused [in tasks: /mrsservice/mrsservice/blueprints/route/tasks.py:44]
2019-08-20 01:20:50,149 ERROR : Error while process transaction confirm : [Errno 111] Connection refused [in tasks: /mrsservice/mrsservice/blueprints/route/tasks.py:44]
2019-08-20 01:20:50,149 ERROR : Error while process transaction confirm : [Errno 111] Connection refused [in tasks: /mrsservice/mrsservice/blueprints/route/tasks.py:44]
2019-08-20 01:20:50,149 ERROR : Error while process transaction confirm : [Errno 111] Connection refused [in tasks: /mrsservice/mrsservice/blueprints/route/tasks.py:44]
2019-08-20 01:21:50,147 INFO : process transaction state change [in tasks: /mrsservice/mrsservice/blueprints/route/tasks.py:26]
2019-08-20 01:21:50,147 INFO : process transaction state change [in tasks: /mrsservice/mrsservice/blueprints/route/tasks.py:26]
2019-08-20 01:21:50,147 INFO : process transaction state change [in tasks: /mrsservice/mrsservice/blueprints/route/tasks.py:26]
2019-08-20 01:21:50,147 INFO : process transaction state change [in tasks: /mrsservice/mrsservice/blueprints/route/tasks.py:26]
2019-08-20 01:21:50,149 INFO : cloudamqp_url  [in tasks: /mrsservice/mrsservice/blueprints/route/tasks.py:19]
2019-08-20 01:21:50,149 INFO : cloudamqp_url  [in tasks: /mrsservice/mrsservice/blueprints/route/tasks.py:19]
2019-08-20 01:21:50,149 INFO : cloudamqp_url  [in tasks: /mrsservice/mrsservice/blueprints/route/tasks.py:19]
2019-08-20 01:21:50,149 INFO : cloudamqp_url  [in tasks: /mrsservice/mrsservice/blueprints/route/tasks.py:19]
2019-08-20 01:21:50,169 ERROR : Error while process transaction confirm : [Errno 111] Connection refused [in tasks: /mrsservice/mrsservice/blueprints/route/tasks.py:44]
2019-08-20 01:21:50,169 ERROR : Error while process transaction confirm : [Errno 111] Connection refused [in tasks: /mrsservice/mrsservice/blueprints/route/tasks.py:44]
2019-08-20 01:21:50,169 ERROR : Error while process transaction confirm : [Errno 111] Connection refused [in tasks: /mrsservice/mrsservice/blueprints/route/tasks.py:44]
2019-08-20 01:21:50,169 ERROR : Error while process transaction confirm : [Errno 111] Connection refused [in tasks: /mrsservice/mrsservice/blueprints/route/tasks.py:44]
2019-08-20 01:22:50,196 INFO : process transaction state change [in tasks: /mrsservice/mrsservice/blueprints/route/tasks.py:26]
2019-08-20 01:22:50,196 INFO : process transaction state change [in tasks: /mrsservice/mrsservice/blueprints/route/tasks.py:26]
2019-08-20 01:22:50,196 INFO : process transaction state change [in tasks: /mrsservice/mrsservice/blueprints/route/tasks.py:26]
2019-08-20 01:22:50,196 INFO : process transaction state change [in tasks: /mrsservice/mrsservice/blueprints/route/tasks.py:26]
2019-08-20 01:22:50,198 INFO : cloudamqp_url  [in tasks: /mrsservice/mrsservice/blueprints/route/tasks.py:19]
2019-08-20 01:22:50,198 INFO : cloudamqp_url  [in tasks: /mrsservice/mrsservice/blueprints/route/tasks.py:19]
2019-08-20 01:22:50,198 INFO : cloudamqp_url  [in tasks: /mrsservice/mrsservice/blueprints/route/tasks.py:19]
2019-08-20 01:22:50,198 INFO : cloudamqp_url  [in tasks: /mrsservice/mrsservice/blueprints/route/tasks.py:19]
2019-08-20 01:22:50,219 ERROR : Error while process transaction confirm : [Errno 111] Connection refused [in tasks: /mrsservice/mrsservice/blueprints/route/tasks.py:44]
2019-08-20 01:22:50,219 ERROR : Error while process transaction confirm : [Errno 111] Connection refused [in tasks: /mrsservice/mrsservice/blueprints/route/tasks.py:44]
2019-08-20 01:22:50,219 ERROR : Error while process transaction confirm : [Errno 111] Connection refused [in tasks: /mrsservice/mrsservice/blueprints/route/tasks.py:44]
2019-08-20 01:22:50,219 ERROR : Error while process transaction confirm : [Errno 111] Connection refused [in tasks: /mrsservice/mrsservice/blueprints/route/tasks.py:44]
2019-08-20 01:23:50,242 INFO : process transaction state change [in tasks: /mrsservice/mrsservice/blueprints/route/tasks.py:26]
2019-08-20 01:23:50,242 INFO : process transaction state change [in tasks: /mrsservice/mrsservice/blueprints/route/tasks.py:26]
2019-08-20 01:23:50,242 INFO : process transaction state change [in tasks: /mrsservice/mrsservice/blueprints/route/tasks.py:26]
2019-08-20 01:23:50,242 INFO : process transaction state change [in tasks: /mrsservice/mrsservice/blueprints/route/tasks.py:26]
2019-08-20 01:23:50,243 INFO : cloudamqp_url  [in tasks: /mrsservice/mrsservice/blueprints/route/tasks.py:19]
2019-08-20 01:23:50,243 INFO : cloudamqp_url  [in tasks: /mrsservice/mrsservice/blueprints/route/tasks.py:19]
2019-08-20 01:23:50,243 INFO : cloudamqp_url  [in tasks: /mrsservice/mrsservice/blueprints/route/tasks.py:19]
2019-08-20 01:23:50,243 INFO : cloudamqp_url  [in tasks: /mrsservice/mrsservice/blueprints/route/tasks.py:19]
2019-08-20 01:23:50,252 ERROR : Error while process transaction confirm : [Errno 111] Connection refused [in tasks: /mrsservice/mrsservice/blueprints/route/tasks.py:44]
2019-08-20 01:23:50,252 ERROR : Error while process transaction confirm : [Errno 111] Connection refused [in tasks: /mrsservice/mrsservice/blueprints/route/tasks.py:44]
2019-08-20 01:23:50,252 ERROR : Error while process transaction confirm : [Errno 111] Connection refused [in tasks: /mrsservice/mrsservice/blueprints/route/tasks.py:44]
2019-08-20 01:23:50,252 ERROR : Error while process transaction confirm : [Errno 111] Connection refused [in tasks: /mrsservice/mrsservice/blueprints/route/tasks.py:44]
2019-08-20 01:24:50,298 INFO : process transaction state change [in tasks: /mrsservice/mrsservice/blueprints/route/tasks.py:26]
2019-08-20 01:24:50,298 INFO : process transaction state change [in tasks: /mrsservice/mrsservice/blueprints/route/tasks.py:26]
2019-08-20 01:24:50,298 INFO : process transaction state change [in tasks: /mrsservice/mrsservice/blueprints/route/tasks.py:26]
2019-08-20 01:24:50,298 INFO : process transaction state change [in tasks: /mrsservice/mrsservice/blueprints/route/tasks.py:26]
2019-08-20 01:24:50,300 INFO : cloudamqp_url  [in tasks: /mrsservice/mrsservice/blueprints/route/tasks.py:19]
2019-08-20 01:24:50,300 INFO : cloudamqp_url  [in tasks: /mrsservice/mrsservice/blueprints/route/tasks.py:19]
2019-08-20 01:24:50,300 INFO : cloudamqp_url  [in tasks: /mrsservice/mrsservice/blueprints/route/tasks.py:19]
2019-08-20 01:24:50,300 INFO : cloudamqp_url  [in tasks: /mrsservice/mrsservice/blueprints/route/tasks.py:19]
2019-08-20 01:24:50,318 ERROR : Error while process transaction confirm : [Errno 111] Connection refused [in tasks: /mrsservice/mrsservice/blueprints/route/tasks.py:44]
2019-08-20 01:24:50,318 ERROR : Error while process transaction confirm : [Errno 111] Connection refused [in tasks: /mrsservice/mrsservice/blueprints/route/tasks.py:44]
2019-08-20 01:24:50,318 ERROR : Error while process transaction confirm : [Errno 111] Connection refused [in tasks: /mrsservice/mrsservice/blueprints/route/tasks.py:44]
2019-08-20 01:24:50,318 ERROR : Error while process transaction confirm : [Errno 111] Connection refused [in tasks: /mrsservice/mrsservice/blueprints/route/tasks.py:44]
2019-08-20 01:25:50,347 INFO : process transaction state change [in tasks: /mrsservice/mrsservice/blueprints/route/tasks.py:26]
2019-08-20 01:25:50,347 INFO : process transaction state change [in tasks: /mrsservice/mrsservice/blueprints/route/tasks.py:26]
2019-08-20 01:25:50,347 INFO : process transaction state change [in tasks: /mrsservice/mrsservice/blueprints/route/tasks.py:26]
2019-08-20 01:25:50,347 INFO : process transaction state change [in tasks: /mrsservice/mrsservice/blueprints/route/tasks.py:26]
2019-08-20 01:25:50,348 INFO : cloudamqp_url  [in tasks: /mrsservice/mrsservice/blueprints/route/tasks.py:19]
2019-08-20 01:25:50,348 INFO : cloudamqp_url  [in tasks: /mrsservice/mrsservice/blueprints/route/tasks.py:19]
2019-08-20 01:25:50,348 INFO : cloudamqp_url  [in tasks: /mrsservice/mrsservice/blueprints/route/tasks.py:19]
2019-08-20 01:25:50,348 INFO : cloudamqp_url  [in tasks: /mrsservice/mrsservice/blueprints/route/tasks.py:19]
2019-08-20 01:25:50,367 ERROR : Error while process transaction confirm : [Errno 111] Connection refused [in tasks: /mrsservice/mrsservice/blueprints/route/tasks.py:44]
2019-08-20 01:25:50,367 ERROR : Error while process transaction confirm : [Errno 111] Connection refused [in tasks: /mrsservice/mrsservice/blueprints/route/tasks.py:44]
2019-08-20 01:25:50,367 ERROR : Error while process transaction confirm : [Errno 111] Connection refused [in tasks: /mrsservice/mrsservice/blueprints/route/tasks.py:44]
2019-08-20 01:25:50,367 ERROR : Error while process transaction confirm : [Errno 111] Connection refused [in tasks: /mrsservice/mrsservice/blueprints/route/tasks.py:44]
2019-08-20 01:26:50,398 INFO : process transaction state change [in tasks: /mrsservice/mrsservice/blueprints/route/tasks.py:26]
2019-08-20 01:26:50,398 INFO : process transaction state change [in tasks: /mrsservice/mrsservice/blueprints/route/tasks.py:26]
2019-08-20 01:26:50,398 INFO : process transaction state change [in tasks: /mrsservice/mrsservice/blueprints/route/tasks.py:26]
2019-08-20 01:26:50,398 INFO : process transaction state change [in tasks: /mrsservice/mrsservice/blueprints/route/tasks.py:26]
2019-08-20 01:26:50,399 INFO : cloudamqp_url  [in tasks: /mrsservice/mrsservice/blueprints/route/tasks.py:19]
2019-08-20 01:26:50,399 INFO : cloudamqp_url  [in tasks: /mrsservice/mrsservice/blueprints/route/tasks.py:19]
2019-08-20 01:26:50,399 INFO : cloudamqp_url  [in tasks: /mrsservice/mrsservice/blueprints/route/tasks.py:19]
2019-08-20 01:26:50,399 INFO : cloudamqp_url  [in tasks: /mrsservice/mrsservice/blueprints/route/tasks.py:19]
2019-08-20 01:26:50,416 ERROR : Error while process transaction confirm : [Errno 111] Connection refused [in tasks: /mrsservice/mrsservice/blueprints/route/tasks.py:44]
2019-08-20 01:26:50,416 ERROR : Error while process transaction confirm : [Errno 111] Connection refused [in tasks: /mrsservice/mrsservice/blueprints/route/tasks.py:44]
2019-08-20 01:26:50,416 ERROR : Error while process transaction confirm : [Errno 111] Connection refused [in tasks: /mrsservice/mrsservice/blueprints/route/tasks.py:44]
2019-08-20 01:26:50,416 ERROR : Error while process transaction confirm : [Errno 111] Connection refused [in tasks: /mrsservice/mrsservice/blueprints/route/tasks.py:44]
2019-08-20 01:27:50,410 INFO : process transaction state change [in tasks: /mrsservice/mrsservice/blueprints/route/tasks.py:26]
2019-08-20 01:27:50,410 INFO : process transaction state change [in tasks: /mrsservice/mrsservice/blueprints/route/tasks.py:26]
2019-08-20 01:27:50,410 INFO : process transaction state change [in tasks: /mrsservice/mrsservice/blueprints/route/tasks.py:26]
2019-08-20 01:27:50,410 INFO : process transaction state change [in tasks: /mrsservice/mrsservice/blueprints/route/tasks.py:26]
2019-08-20 01:27:50,412 INFO : cloudamqp_url  [in tasks: /mrsservice/mrsservice/blueprints/route/tasks.py:19]
2019-08-20 01:27:50,412 INFO : cloudamqp_url  [in tasks: /mrsservice/mrsservice/blueprints/route/tasks.py:19]
2019-08-20 01:27:50,412 INFO : cloudamqp_url  [in tasks: /mrsservice/mrsservice/blueprints/route/tasks.py:19]
2019-08-20 01:27:50,412 INFO : cloudamqp_url  [in tasks: /mrsservice/mrsservice/blueprints/route/tasks.py:19]
2019-08-20 01:27:50,430 ERROR : Error while process transaction confirm : [Errno 111] Connection refused [in tasks: /mrsservice/mrsservice/blueprints/route/tasks.py:44]
2019-08-20 01:27:50,430 ERROR : Error while process transaction confirm : [Errno 111] Connection refused [in tasks: /mrsservice/mrsservice/blueprints/route/tasks.py:44]
2019-08-20 01:27:50,430 ERROR : Error while process transaction confirm : [Errno 111] Connection refused [in tasks: /mrsservice/mrsservice/blueprints/route/tasks.py:44]
2019-08-20 01:27:50,430 ERROR : Error while process transaction confirm : [Errno 111] Connection refused [in tasks: /mrsservice/mrsservice/blueprints/route/tasks.py:44]
2019-08-20 01:28:50,458 INFO : process transaction state change [in tasks: /mrsservice/mrsservice/blueprints/route/tasks.py:26]
2019-08-20 01:28:50,458 INFO : process transaction state change [in tasks: /mrsservice/mrsservice/blueprints/route/tasks.py:26]
2019-08-20 01:28:50,458 INFO : process transaction state change [in tasks: /mrsservice/mrsservice/blueprints/route/tasks.py:26]
2019-08-20 01:28:50,458 INFO : process transaction state change [in tasks: /mrsservice/mrsservice/blueprints/route/tasks.py:26]
2019-08-20 01:28:50,459 INFO : cloudamqp_url  [in tasks: /mrsservice/mrsservice/blueprints/route/tasks.py:19]
2019-08-20 01:28:50,459 INFO : cloudamqp_url  [in tasks: /mrsservice/mrsservice/blueprints/route/tasks.py:19]
2019-08-20 01:28:50,459 INFO : cloudamqp_url  [in tasks: /mrsservice/mrsservice/blueprints/route/tasks.py:19]
2019-08-20 01:28:50,459 INFO : cloudamqp_url  [in tasks: /mrsservice/mrsservice/blueprints/route/tasks.py:19]
2019-08-20 01:28:50,477 ERROR : Error while process transaction confirm : [Errno 111] Connection refused [in tasks: /mrsservice/mrsservice/blueprints/route/tasks.py:44]
2019-08-20 01:28:50,477 ERROR : Error while process transaction confirm : [Errno 111] Connection refused [in tasks: /mrsservice/mrsservice/blueprints/route/tasks.py:44]
2019-08-20 01:28:50,477 ERROR : Error while process transaction confirm : [Errno 111] Connection refused [in tasks: /mrsservice/mrsservice/blueprints/route/tasks.py:44]
2019-08-20 01:28:50,477 ERROR : Error while process transaction confirm : [Errno 111] Connection refused [in tasks: /mrsservice/mrsservice/blueprints/route/tasks.py:44]
2019-08-20 01:29:50,509 INFO : process transaction state change [in tasks: /mrsservice/mrsservice/blueprints/route/tasks.py:26]
2019-08-20 01:29:50,509 INFO : process transaction state change [in tasks: /mrsservice/mrsservice/blueprints/route/tasks.py:26]
2019-08-20 01:29:50,509 INFO : process transaction state change [in tasks: /mrsservice/mrsservice/blueprints/route/tasks.py:26]
2019-08-20 01:29:50,509 INFO : process transaction state change [in tasks: /mrsservice/mrsservice/blueprints/route/tasks.py:26]
2019-08-20 01:29:50,510 INFO : cloudamqp_url  [in tasks: /mrsservice/mrsservice/blueprints/route/tasks.py:19]
2019-08-20 01:29:50,510 INFO : cloudamqp_url  [in tasks: /mrsservice/mrsservice/blueprints/route/tasks.py:19]
2019-08-20 01:29:50,510 INFO : cloudamqp_url  [in tasks: /mrsservice/mrsservice/blueprints/route/tasks.py:19]
2019-08-20 01:29:50,510 INFO : cloudamqp_url  [in tasks: /mrsservice/mrsservice/blueprints/route/tasks.py:19]
2019-08-20 01:29:50,527 ERROR : Error while process transaction confirm : [Errno 111] Connection refused [in tasks: /mrsservice/mrsservice/blueprints/route/tasks.py:44]
2019-08-20 01:29:50,527 ERROR : Error while process transaction confirm : [Errno 111] Connection refused [in tasks: /mrsservice/mrsservice/blueprints/route/tasks.py:44]
2019-08-20 01:29:50,527 ERROR : Error while process transaction confirm : [Errno 111] Connection refused [in tasks: /mrsservice/mrsservice/blueprints/route/tasks.py:44]
2019-08-20 01:29:50,527 ERROR : Error while process transaction confirm : [Errno 111] Connection refused [in tasks: /mrsservice/mrsservice/blueprints/route/tasks.py:44]
2019-08-20 01:31:03,265 INFO : process transaction state change [in tasks: /mrsservice/mrsservice/blueprints/route/tasks.py:26]
2019-08-20 01:31:03,265 INFO : process transaction state change [in tasks: /mrsservice/mrsservice/blueprints/route/tasks.py:26]
2019-08-20 01:31:03,265 INFO : process transaction state change [in tasks: /mrsservice/mrsservice/blueprints/route/tasks.py:26]
2019-08-20 01:31:03,265 INFO : process transaction state change [in tasks: /mrsservice/mrsservice/blueprints/route/tasks.py:26]
2019-08-20 01:31:03,266 INFO : cloudamqp_url  [in tasks: /mrsservice/mrsservice/blueprints/route/tasks.py:19]
2019-08-20 01:31:03,266 INFO : cloudamqp_url  [in tasks: /mrsservice/mrsservice/blueprints/route/tasks.py:19]
2019-08-20 01:31:03,266 INFO : cloudamqp_url  [in tasks: /mrsservice/mrsservice/blueprints/route/tasks.py:19]
2019-08-20 01:31:03,266 INFO : cloudamqp_url  [in tasks: /mrsservice/mrsservice/blueprints/route/tasks.py:19]
2019-08-20 01:31:03,273 ERROR : Error while process transaction confirm : [Errno 111] Connection refused [in tasks: /mrsservice/mrsservice/blueprints/route/tasks.py:44]
2019-08-20 01:31:03,273 ERROR : Error while process transaction confirm : [Errno 111] Connection refused [in tasks: /mrsservice/mrsservice/blueprints/route/tasks.py:44]
2019-08-20 01:31:03,273 ERROR : Error while process transaction confirm : [Errno 111] Connection refused [in tasks: /mrsservice/mrsservice/blueprints/route/tasks.py:44]
2019-08-20 01:31:03,273 ERROR : Error while process transaction confirm : [Errno 111] Connection refused [in tasks: /mrsservice/mrsservice/blueprints/route/tasks.py:44]
2019-08-20 01:32:01,510 INFO : process transaction state change [in tasks: /mrsservice/mrsservice/blueprints/route/tasks.py:26]
2019-08-20 01:32:01,510 INFO : process transaction state change [in tasks: /mrsservice/mrsservice/blueprints/route/tasks.py:26]
2019-08-20 01:32:01,510 INFO : process transaction state change [in tasks: /mrsservice/mrsservice/blueprints/route/tasks.py:26]
2019-08-20 01:32:01,510 INFO : process transaction state change [in tasks: /mrsservice/mrsservice/blueprints/route/tasks.py:26]
2019-08-20 01:32:01,511 INFO : cloudamqp_url  [in tasks: /mrsservice/mrsservice/blueprints/route/tasks.py:19]
2019-08-20 01:32:01,511 INFO : cloudamqp_url  [in tasks: /mrsservice/mrsservice/blueprints/route/tasks.py:19]
2019-08-20 01:32:01,511 INFO : cloudamqp_url  [in tasks: /mrsservice/mrsservice/blueprints/route/tasks.py:19]
2019-08-20 01:32:01,511 INFO : cloudamqp_url  [in tasks: /mrsservice/mrsservice/blueprints/route/tasks.py:19]
2019-08-20 01:32:01,521 ERROR : Error while process transaction confirm : [Errno 111] Connection refused [in tasks: /mrsservice/mrsservice/blueprints/route/tasks.py:44]
2019-08-20 01:32:01,521 ERROR : Error while process transaction confirm : [Errno 111] Connection refused [in tasks: /mrsservice/mrsservice/blueprints/route/tasks.py:44]
2019-08-20 01:32:01,521 ERROR : Error while process transaction confirm : [Errno 111] Connection refused [in tasks: /mrsservice/mrsservice/blueprints/route/tasks.py:44]
2019-08-20 01:32:01,521 ERROR : Error while process transaction confirm : [Errno 111] Connection refused [in tasks: /mrsservice/mrsservice/blueprints/route/tasks.py:44]
2019-08-20 01:33:01,560 INFO : process transaction state change [in tasks: /mrsservice/mrsservice/blueprints/route/tasks.py:26]
2019-08-20 01:33:01,560 INFO : process transaction state change [in tasks: /mrsservice/mrsservice/blueprints/route/tasks.py:26]
2019-08-20 01:33:01,560 INFO : process transaction state change [in tasks: /mrsservice/mrsservice/blueprints/route/tasks.py:26]
2019-08-20 01:33:01,560 INFO : process transaction state change [in tasks: /mrsservice/mrsservice/blueprints/route/tasks.py:26]
2019-08-20 01:33:01,562 INFO : cloudamqp_url  [in tasks: /mrsservice/mrsservice/blueprints/route/tasks.py:19]
2019-08-20 01:33:01,562 INFO : cloudamqp_url  [in tasks: /mrsservice/mrsservice/blueprints/route/tasks.py:19]
2019-08-20 01:33:01,562 INFO : cloudamqp_url  [in tasks: /mrsservice/mrsservice/blueprints/route/tasks.py:19]
2019-08-20 01:33:01,562 INFO : cloudamqp_url  [in tasks: /mrsservice/mrsservice/blueprints/route/tasks.py:19]
2019-08-20 01:33:01,582 ERROR : Error while process transaction confirm : [Errno 111] Connection refused [in tasks: /mrsservice/mrsservice/blueprints/route/tasks.py:44]
2019-08-20 01:33:01,582 ERROR : Error while process transaction confirm : [Errno 111] Connection refused [in tasks: /mrsservice/mrsservice/blueprints/route/tasks.py:44]
2019-08-20 01:33:01,582 ERROR : Error while process transaction confirm : [Errno 111] Connection refused [in tasks: /mrsservice/mrsservice/blueprints/route/tasks.py:44]
2019-08-20 01:33:01,582 ERROR : Error while process transaction confirm : [Errno 111] Connection refused [in tasks: /mrsservice/mrsservice/blueprints/route/tasks.py:44]
2019-08-20 01:34:01,608 INFO : process transaction state change [in tasks: /mrsservice/mrsservice/blueprints/route/tasks.py:26]
2019-08-20 01:34:01,608 INFO : process transaction state change [in tasks: /mrsservice/mrsservice/blueprints/route/tasks.py:26]
2019-08-20 01:34:01,608 INFO : process transaction state change [in tasks: /mrsservice/mrsservice/blueprints/route/tasks.py:26]
2019-08-20 01:34:01,608 INFO : process transaction state change [in tasks: /mrsservice/mrsservice/blueprints/route/tasks.py:26]
2019-08-20 01:34:01,609 INFO : cloudamqp_url  [in tasks: /mrsservice/mrsservice/blueprints/route/tasks.py:19]
2019-08-20 01:34:01,609 INFO : cloudamqp_url  [in tasks: /mrsservice/mrsservice/blueprints/route/tasks.py:19]
2019-08-20 01:34:01,609 INFO : cloudamqp_url  [in tasks: /mrsservice/mrsservice/blueprints/route/tasks.py:19]
2019-08-20 01:34:01,609 INFO : cloudamqp_url  [in tasks: /mrsservice/mrsservice/blueprints/route/tasks.py:19]
2019-08-20 01:34:01,626 ERROR : Error while process transaction confirm : [Errno 111] Connection refused [in tasks: /mrsservice/mrsservice/blueprints/route/tasks.py:44]
2019-08-20 01:34:01,626 ERROR : Error while process transaction confirm : [Errno 111] Connection refused [in tasks: /mrsservice/mrsservice/blueprints/route/tasks.py:44]
2019-08-20 01:34:01,626 ERROR : Error while process transaction confirm : [Errno 111] Connection refused [in tasks: /mrsservice/mrsservice/blueprints/route/tasks.py:44]
2019-08-20 01:34:01,626 ERROR : Error while process transaction confirm : [Errno 111] Connection refused [in tasks: /mrsservice/mrsservice/blueprints/route/tasks.py:44]
2019-08-20 02:04:09,651 INFO : debug email and password : admin [in model: /mrsservice/mrsservice/blueprints/user/model.py:14]
2019-08-20 02:04:13,162 INFO : debug email and password : admin [in model: /mrsservice/mrsservice/blueprints/user/model.py:14]
2019-08-20 02:04:52,481 INFO : debug email and password : admin 123 [in model: /mrsservice/mrsservice/blueprints/user/model.py:14]
2019-08-20 02:12:56,960 INFO : debug url /api/user/get_token?login=admin&password=123 [in odoo: /mrsservice/mrsservice/lib/odoo.py:191]
2019-08-20 02:15:54,498 INFO : debug url /api/user/get_token?login=admin&password=123 [in odoo: /mrsservice/mrsservice/lib/odoo.py:191]
2019-08-20 02:16:39,361 INFO : debug url /api/user/get_token?login=admin&password=123 [in odoo: /mrsservice/mrsservice/lib/odoo.py:191]
2019-08-20 02:23:32,330 INFO : debug url /api/user/get_token?login=admin&password=123 [in odoo: /mrsservice/mrsservice/lib/odoo.py:191]
2019-08-20 02:27:48,834 INFO : debug url /api/user/get_token?login=admin&password=123 [in odoo: /mrsservice/mrsservice/lib/odoo.py:192]
2019-08-20 02:31:08,801 INFO : debug url /api/user/get_token?login=admin&password=123 [in odoo: /mrsservice/mrsservice/lib/odoo.py:192]
2019-08-20 02:31:08,815 INFO : debug config {'JSON_AS_ASCII': True, 'MAIL_DEFAULT_SENDER': 'ns3.dnpwater@gmail.com', 'MAIL_DEFAULT_MS3_ADMIN': ['do.tran@dnpcorp.vn'], 'CLOUDINARY_URL': 'cloudinary: // 851844615293399:Rxglnpv8YVypqUkm4GOE4ZPW1JM@dnp', 'CELERY_ACCEPT_CONTENT': ['json'], 'SESSION_COOKIE_PATH': None, 'REDIS_URL': 'redis://:devpassword@redis', 'LOGGER_NAME': 'mrsservice.app', 'SECRET_KEY': 'water@dnp', 'MAIL_USERNAME': 'ns3.dnpwater@gmail.com', 'MAIL_SUPPRESS_SEND': False, 'APPLICATION_ROOT': None, 'SERVER_NAME': None, 'BABEL_DEFAULT_LOCALE': 'vn', 'PREFERRED_URL_SCHEME': 'http', 'TESTING': False, 'BROKER_POOL_LIMIT': None, 'MAIL_SERVER': 'smtp.gmail.com', 'CELERY_TASK_SERIALIZER': 'json', 'SESSION_COOKIE_HTTPONLY': True, 'USE_X_SENDFILE': False, 'CELERY_RESULT_SERIALIZER': 'json', 'SESSION_COOKIE_SECURE': False, 'CELERY_REDIS_MAX_CONNECTIONS': 5, 'SESSION_COOKIE_DOMAIN': None, 'SESSION_COOKIE_NAME': 'session', 'LANGUAGES': {'en': 'English', 'vn': u'Ti\u1ebfng Vi\u1ec7t'}, 'CELERY_BROKER_URL': 'redis://:devpassword@redis:6379/0', 'REDIS_PORT': 6379, 'DEBUG': True, 'LOG_LEVEL': 'DEBUG', 'REDIS_HOST': 'redis', 'MAIL_USE_SSL': True, 'CELERY_RESULT_BACKEND': 'redis://:devpassword@redis:6379/0', 'MAX_CONTENT_LENGTH': None, 'MAIL_PASSWORD': 'zaq1@2wsx#', 'CELERYBEAT_SCHEDULE': {'celery-tasks': {'task': 'mrsservice.blueprints.route.tasks.transaction_event', 'schedule': 60}}, 'JSONIFY_PRETTYPRINT_REGULAR': True, 'PERMANENT_SESSION_LIFETIME': datetime.timedelta(31), 'PROPAGATE_EXCEPTIONS': None, 'TRAP_BAD_REQUEST_ERRORS': False, 'ODOO_URL': '', 'JSON_SORT_KEYS': True, 'TRAP_HTTP_EXCEPTIONS': False, 'SEND_FILE_MAX_AGE_DEFAULT': 43200, 'MAIL_PORT': 465, 'TOKEN_PREFIX': 'TOKEN', 'PRESERVE_CONTEXT_ON_EXCEPTION': None} [in odoo: /mrsservice/mrsservice/lib/odoo.py:81]
2019-08-20 02:34:04,798 INFO : debug url /api/user/get_token?login=admin&password=123 [in odoo: /mrsservice/mrsservice/lib/odoo.py:192]
2019-08-20 02:34:04,815 INFO : debug config {'JSON_AS_ASCII': True, 'MAIL_DEFAULT_SENDER': 'ns3.dnpwater@gmail.com', 'REDIS_URL': 'redis://:devpassword@redis', 'MAIL_USERNAME': 'ns3.dnpwater@gmail.com', 'MAIL_SUPPRESS_SEND': False, 'CELERY_TASK_SERIALIZER': 'json', 'CELERY_RESULT_SERIALIZER': 'json', 'SESSION_COOKIE_DOMAIN': None, 'SESSION_COOKIE_NAME': 'session', 'CELERY_BROKER_URL': 'redis://:devpassword@redis:6379/0', 'REDIS_PORT': 6379, 'MAIL_USE_SSL': True, 'MAX_CONTENT_LENGTH': None, 'PERMANENT_SESSION_LIFETIME': datetime.timedelta(31), 'ODOO_URL': '', 'TRAP_HTTP_EXCEPTIONS': False, 'PRESERVE_CONTEXT_ON_EXCEPTION': None, 'MAIL_DEFAULT_MS3_ADMIN': ['do.tran@dnpcorp.vn'], 'CLOUDINARY_URL': 'cloudinary: // 851844615293399:Rxglnpv8YVypqUkm4GOE4ZPW1JM@dnp', 'CELERY_ACCEPT_CONTENT': ['json'], 'SESSION_COOKIE_PATH': None, 'LOGGER_NAME': 'mrsservice.app', 'SECRET_KEY': 'water@dnp', 'LOG_LEVEL': 'DEBUG', 'APPLICATION_ROOT': None, 'SERVER_NAME': None, 'BABEL_DEFAULT_LOCALE': 'vn', 'PREFERRED_URL_SCHEME': 'http', 'TESTING': False, 'BROKER_POOL_LIMIT': None, 'MAIL_SERVER': 'smtp.gmail.com', 'USE_X_SENDFILE': False, 'SESSION_COOKIE_SECURE': False, 'SEND_FILE_MAX_AGE_DEFAULT': 43200, 'LANGUAGES': {'en': 'English', 'vn': u'Ti\u1ebfng Vi\u1ec7t'}, 'DEBUG': True, 'CELERY_RESULT_BACKEND': 'redis://:devpassword@redis:6379/0', 'REDIS_HOST': 'redis', 'MAIL_PASSWORD': 'zaq1@2wsx#', 'CELERYBEAT_SCHEDULE': {'celery-tasks': {'task': 'mrsservice.blueprints.route.tasks.transaction_event', 'schedule': 60}}, 'JSONIFY_PRETTYPRINT_REGULAR': True, 'PROPAGATE_EXCEPTIONS': None, 'TRAP_BAD_REQUEST_ERRORS': False, 'JSON_SORT_KEYS': True, 'SESSION_COOKIE_HTTPONLY': True, 'CELERY_REDIS_MAX_CONNECTIONS': 5, 'MAIL_PORT': 465, 'TOKEN_PREFIX': 'TOKEN'} [in odoo: /mrsservice/mrsservice/lib/odoo.py:86]
2019-08-20 02:35:57,431 INFO : debug url https://dtw-management-core-8eec1e97-odoo.dnpsoftware.vn/api/user/get_token?login=admin&password=123 [in odoo: /mrsservice/mrsservice/lib/odoo.py:192]
2019-08-20 02:35:57,635 INFO : debug config {'JSON_AS_ASCII': True, 'MAIL_DEFAULT_SENDER': 'ns3.dnpwater@gmail.com', 'REDIS_URL': 'redis://:devpassword@redis', 'MAIL_USERNAME': 'ns3.dnpwater@gmail.com', 'MAIL_SUPPRESS_SEND': False, 'CELERY_TASK_SERIALIZER': 'json', 'CELERY_RESULT_SERIALIZER': 'json', 'SESSION_COOKIE_DOMAIN': None, 'SESSION_COOKIE_NAME': 'session', 'CELERY_BROKER_URL': 'redis://:devpassword@redis:6379/0', 'REDIS_PORT': 6379, 'MAIL_USE_SSL': True, 'MAX_CONTENT_LENGTH': None, 'PERMANENT_SESSION_LIFETIME': datetime.timedelta(31), 'ODOO_URL': 'https://dtw-management-core-8eec1e97-odoo.dnpsoftware.vn', 'TRAP_HTTP_EXCEPTIONS': False, 'PRESERVE_CONTEXT_ON_EXCEPTION': None, 'MAIL_DEFAULT_MS3_ADMIN': ['do.tran@dnpcorp.vn'], 'CLOUDINARY_URL': 'cloudinary: // 851844615293399:Rxglnpv8YVypqUkm4GOE4ZPW1JM@dnp', 'CELERY_ACCEPT_CONTENT': ['json'], 'SESSION_COOKIE_PATH': None, 'LOGGER_NAME': 'mrsservice.app', 'SECRET_KEY': 'water@dnp', 'LOG_LEVEL': 'DEBUG', 'APPLICATION_ROOT': None, 'SERVER_NAME': None, 'BABEL_DEFAULT_LOCALE': 'vn', 'PREFERRED_URL_SCHEME': 'http', 'TESTING': False, 'BROKER_POOL_LIMIT': None, 'MAIL_SERVER': 'smtp.gmail.com', 'USE_X_SENDFILE': False, 'SESSION_COOKIE_SECURE': False, 'SEND_FILE_MAX_AGE_DEFAULT': 43200, 'LANGUAGES': {'en': 'English', 'vn': u'Ti\u1ebfng Vi\u1ec7t'}, 'DEBUG': True, 'CELERY_RESULT_BACKEND': 'redis://:devpassword@redis:6379/0', 'REDIS_HOST': 'redis', 'MAIL_PASSWORD': 'zaq1@2wsx#', 'CELERYBEAT_SCHEDULE': {'celery-tasks': {'task': 'mrsservice.blueprints.route.tasks.transaction_event', 'schedule': 60}}, 'JSONIFY_PRETTYPRINT_REGULAR': True, 'PROPAGATE_EXCEPTIONS': None, 'TRAP_BAD_REQUEST_ERRORS': False, 'JSON_SORT_KEYS': True, 'SESSION_COOKIE_HTTPONLY': True, 'CELERY_REDIS_MAX_CONNECTIONS': 5, 'MAIL_PORT': 465, 'TOKEN_PREFIX': 'TOKEN'} [in odoo: /mrsservice/mrsservice/lib/odoo.py:86]
2019-08-20 02:36:53,629 INFO : debug url http://192.168.100.4:8069/api/user/get_token?login=admin&password=123 [in odoo: /mrsservice/mrsservice/lib/odoo.py:192]
2019-08-20 02:37:35,078 INFO : debug url http://192.168.100.4:8069/api/user/get_token?login=admin&password=123 [in odoo: /mrsservice/mrsservice/lib/odoo.py:192]
2019-08-20 03:18:09,887 INFO : dubug token eyJhbGciOiJIUzI1NiIsInR5cCI6IkpXVCJ9.eyJpYXQiOjE1NjYyNjg2NTUsInRva2VuIjoiNTFjMDg1NzlkNGQ5NGJhYmJlZTEyYmUwZGFlODVmMjQiLCJ1aWQiOjEsImV4cCI6MTU2Njg3MzQ1NX0._H25KqnwFxAdoHoUaBJyenqhOBv8rwUB77YvFy2Ltj [in views: /mrsservice/mrsservice/blueprints/user/views.py:40]
2019-08-20 03:23:13,921 INFO : debug water@dnp [in views: /mrsservice/mrsservice/blueprints/user/views.py:40]
2019-08-20 03:23:37,409 INFO : debug water@dnp [in views: /mrsservice/mrsservice/blueprints/user/views.py:40]
2019-08-20 03:24:32,594 INFO : debug water@dnp [in views: /mrsservice/mrsservice/blueprints/user/views.py:40]
2019-08-20 03:25:17,657 INFO : debug eyJhbGciOiJIUzI1NiIsInR5cCI6IkpXVCJ9.eyJpYXQiOjE1NjYyNjg2NTUsInRva2VuIjoiNTFjMDg1NzlkNGQ5NGJhYmJlZTEyYmUwZGFlODVmMjQiLCJ1aWQiOjEsImV4cCI6MTU2Njg3MzQ1NX0._H25KqnwFxAdoHoUaBJyenqhOBv8rwUB77YvFy2Ltj [in views: /mrsservice/mrsservice/blueprints/user/views.py:40]
2019-08-20 03:37:03,096 INFO : debug eyJhbGciOiJIUzI1NiIsInR5cCI6IkpXVCJ9.eyJpYXQiOjE1NjYyNjg2NTUsInRva2VuIjoiNTFjMDg1NzlkNGQ5NGJhYmJlZTEyYmUwZGFlODVmMjQiLCJ1aWQiOjEsImV4cCI6MTU2Njg3MzQ1NX0._H25KqnwFxAdoHoUaBJyenqhOBv8rwUB77YvFy2Ltj [in views: /mrsservice/mrsservice/blueprints/user/views.py:40]
2019-08-20 06:43:02,774 INFO : debug token eyJhbGciOiJIUzI1NiIsInR5cCI6IkpXVCJ9.eyJpYXQiOjE1NjYyNjg2NTUsInRva2VuIjoiNTFjMDg1NzlkNGQ5NGJhYmJlZTEyYmUwZGFlODVmMjQiLCJ1aWQiOjEsImV4cCI6MTU2Njg3MzQ1NX0._H25KqnwFxAdoHoUaBJyenqhOBv8rwUB77YvFy2Ltj [in views: /mrsservice/mrsservice/blueprints/user/views.py:40]
2019-08-20 06:43:23,655 INFO : debug token 0 [in views: /mrsservice/mrsservice/blueprints/user/views.py:40]
2019-08-20 06:45:39,753 INFO : debug token 0 [in views: /mrsservice/mrsservice/blueprints/user/views.py:40]
2019-08-20 06:47:40,124 INFO : debug token 1 [in views: /mrsservice/mrsservice/blueprints/user/views.py:40]
2019-08-20 06:47:40,125 INFO : debug tickets: [in views: /mrsservice/mrsservice/blueprints/ticket/views.py:27]
2019-08-20 06:49:14,804 INFO : debug token 1 [in views: /mrsservice/mrsservice/blueprints/user/views.py:40]
2019-08-20 06:49:14,804 INFO : debug tickets: [in views: /mrsservice/mrsservice/blueprints/ticket/views.py:27]
2019-08-20 06:50:02,466 INFO : debug token 1 [in views: /mrsservice/mrsservice/blueprints/user/views.py:40]
2019-08-20 06:50:02,466 INFO : debug tickets: [in views: /mrsservice/mrsservice/blueprints/ticket/views.py:27]
2019-08-20 06:50:38,270 INFO : debug token 1 [in views: /mrsservice/mrsservice/blueprints/user/views.py:40]
2019-08-20 06:50:38,271 INFO : debug tickets: [in views: /mrsservice/mrsservice/blueprints/ticket/views.py:27]
2019-08-20 06:54:02,436 INFO : debug token 1 [in views: /mrsservice/mrsservice/blueprints/user/views.py:40]
2019-08-20 06:56:12,753 INFO : debug token 1 [in views: /mrsservice/mrsservice/blueprints/user/views.py:40]
2019-08-20 06:57:01,583 INFO : debug token 1 [in views: /mrsservice/mrsservice/blueprints/user/views.py:40]
2019-08-20 06:57:15,509 INFO : debug token 1 [in views: /mrsservice/mrsservice/blueprints/user/views.py:40]
2019-08-20 07:00:42,739 INFO : debug token 1 [in views: /mrsservice/mrsservice/blueprints/user/views.py:40]
2019-08-20 07:00:42,742 INFO : debug update {u'lat': 123.0, u'lng': 12.12, u'image_url': u'https://zalo.png', u'results': u'Ok'} [in views: /mrsservice/mrsservice/blueprints/ticket/views.py:51]
2019-08-20 07:00:47,294 INFO : debug token 1 [in views: /mrsservice/mrsservice/blueprints/user/views.py:40]
2019-08-20 07:00:47,297 INFO : debug update {u'lat': 123.0, u'lng': 12.12, u'image_url': u'https://zalo.png', u'results': u'Ok'} [in views: /mrsservice/mrsservice/blueprints/ticket/views.py:51]
2019-08-20 07:01:05,237 INFO : debug token 1 [in views: /mrsservice/mrsservice/blueprints/user/views.py:40]
2019-08-20 07:01:05,239 INFO : debug update {u'lat': 123.0, u'lng': 12.12, u'image_url': u'https://zalo.png', u'results': u'Ok'} [in views: /mrsservice/mrsservice/blueprints/ticket/views.py:51]
2019-08-20 07:01:46,039 INFO : debug token 1 [in views: /mrsservice/mrsservice/blueprints/user/views.py:40]
2019-08-20 07:02:41,434 INFO : debug token 1 [in views: /mrsservice/mrsservice/blueprints/user/views.py:40]
2019-08-20 07:04:38,734 INFO : debug token 1 [in views: /mrsservice/mrsservice/blueprints/user/views.py:40]
2019-08-20 07:16:40,567 INFO : debug token 1 [in views: /mrsservice/mrsservice/blueprints/user/views.py:40]
2019-08-20 07:16:40,575 INFO : debug update ticket 12145 - {u'lat': 123.0, u'lng': 12.12, u'image_url': u'https://zalo.png', u'results': u'Ok'} [in model: /mrsservice/mrsservice/blueprints/ticket/model.py:33]
2019-08-20 07:16:40,575 INFO : debug update {'message': 'success'} [in views: /mrsservice/mrsservice/blueprints/ticket/views.py:53]
2019-08-20 07:17:15,004 INFO : debug token 1 [in views: /mrsservice/mrsservice/blueprints/user/views.py:40]
2019-08-20 07:17:15,006 INFO : debug update ticket helpdesk.ticket-  12145 - {u'lat': 123.0, u'lng': 12.12, u'image_url': u'https://zalo.png', u'results': u'Ok'} [in model: /mrsservice/mrsservice/blueprints/ticket/model.py:33]
2019-08-20 07:17:15,006 INFO : debug update {'message': 'success'} [in views: /mrsservice/mrsservice/blueprints/ticket/views.py:53]
2019-08-20 07:17:40,804 INFO : debug token 1 [in views: /mrsservice/mrsservice/blueprints/user/views.py:40]
2019-08-20 07:17:40,806 INFO : debug update ticket helpdesk.ticket-  12145 - {u'lat': 123.0, u'lng': 12.12, u'image_url': u'https://zalo.png', u'results': u'Ok'} [in model: /mrsservice/mrsservice/blueprints/ticket/model.py:33]
2019-08-20 07:18:42,773 INFO : debug token 1 [in views: /mrsservice/mrsservice/blueprints/user/views.py:40]
2019-08-20 07:18:42,775 INFO : debug update ticket helpdesk.ticket-  12145 - {u'lat': 123.0, u'lng': 12.12, u'image_url': u'https://zalo.png', u'results': u'Ok'} [in model: /mrsservice/mrsservice/blueprints/ticket/model.py:33]
2019-08-20 07:21:23,835 INFO : debug token 1 [in views: /mrsservice/mrsservice/blueprints/user/views.py:40]
2019-08-20 07:28:11,813 INFO : len <Response 36796 bytes [200 OK]> [in views: /mrsservice/mrsservice/blueprints/ticket/views.py:39]
2019-08-20 07:35:21,040 INFO : partner id False [in model: /mrsservice/mrsservice/blueprints/ticket/model.py:46]
2019-08-20 07:35:37,656 INFO : partner id False [in model: /mrsservice/mrsservice/blueprints/ticket/model.py:46]
2019-08-20 07:36:04,032 INFO : partner id False [in model: /mrsservice/mrsservice/blueprints/ticket/model.py:46]
2019-08-20 07:44:28,998 INFO : debug http://192.168.100.4:8069/api/helpdesk.ticket/update/12145 [in odoo: /mrsservice/mrsservice/lib/odoo.py:151]
2019-08-20 07:46:08,003 INFO : debug {'params': {'update_vals': {u'lat': 123.0, u'lng': 12.12, u'image_url': u'https://zalo.png', u'results': u'Ok'}, 'token': u'0bb1ceb3807b41439021813fd29e95d8'}} [in odoo: /mrsservice/mrsservice/lib/odoo.py:151]
2019-08-20 07:48:41,414 INFO : debug {'params': {'update_vals': {'lat': 123.0, 'lng': 12.12, 'image_url': 'https://zalo.png', 'results': 'Ok'}, 'token': u'0bb1ceb3807b41439021813fd29e95d8'}} [in odoo: /mrsservice/mrsservice/lib/odoo.py:151]
2019-08-20 07:50:14,705 INFO : debug {'params': {'update_vals': {'lat': 123.0, 'lng': 12.12, 'image_url': 'https://zalo.png', 'results': 'Ok'}, 'token': '0bb1ceb3807b41439021813fd29e95d8'}} [in odoo: /mrsservice/mrsservice/lib/odoo.py:153]
2019-08-20 07:54:47,205 INFO : debug {"jsonrpc": "2.0", "id": null} [in odoo: /mrsservice/mrsservice/lib/odoo.py:49]
2019-08-20 07:59:04,186 INFO : debug {"jsonrpc": "2.0", "id": null} [in odoo: /mrsservice/mrsservice/lib/odoo.py:155]
2019-08-20 08:00:12,522 INFO : debug {"jsonrpc": "2.0", "id": null} [in odoo: /mrsservice/mrsservice/lib/odoo.py:155]
2019-08-20 08:00:12,522 INFO : debug {"jsonrpc": "2.0", "id": null} [in model: /mrsservice/mrsservice/blueprints/ticket/model.py:35]
2019-08-20 08:00:42,229 INFO : debug {"jsonrpc": "2.0", "id": null} [in odoo: /mrsservice/mrsservice/lib/odoo.py:155]
2019-08-20 08:01:13,686 INFO : debug {"jsonrpc": "2.0", "id": null} [in odoo: /mrsservice/mrsservice/lib/odoo.py:155]
2019-08-20 08:01:36,365 INFO : debug {"jsonrpc": "2.0", "id": null} [in odoo: /mrsservice/mrsservice/lib/odoo.py:155]
2019-08-20 08:01:36,365 INFO : {"jsonrpc": "2.0", "id": null} [in model: /mrsservice/mrsservice/blueprints/ticket/model.py:35]
2019-08-20 08:02:26,111 INFO : debug {"jsonrpc": "2.0", "id": null} [in odoo: /mrsservice/mrsservice/lib/odoo.py:155]
2019-08-20 08:03:31,303 INFO : debug {"jsonrpc": "2.0", "id": null} [in odoo: /mrsservice/mrsservice/lib/odoo.py:155]
2019-08-20 08:03:37,515 INFO : debug {"jsonrpc": "2.0", "id": null} [in odoo: /mrsservice/mrsservice/lib/odoo.py:155]
2019-08-20 08:16:31,692 INFO : debug {"jsonrpc": "2.0", "id": null} [in odoo: /mrsservice/mrsservice/lib/odoo.py:155]
2019-08-21 07:53:56,166 INFO : debug {"jsonrpc": "2.0", "id": null} [in odoo: /mrsservice/mrsservice/lib/odoo.py:155]
2019-08-21 07:54:15,478 INFO : debug {"jsonrpc": "2.0", "id": null} [in odoo: /mrsservice/mrsservice/lib/odoo.py:155]
2019-08-21 07:55:00,367 INFO : debug {"jsonrpc": "2.0", "id": null} [in odoo: /mrsservice/mrsservice/lib/odoo.py:155]
2019-08-21 07:55:42,326 INFO : debug {"jsonrpc": "2.0", "id": null} [in odoo: /mrsservice/mrsservice/lib/odoo.py:155]
2019-08-22 03:04:05,008 INFO : debug config {'JSON_AS_ASCII': True, 'MAIL_DEFAULT_SENDER': 'ns3.dnpwater@gmail.com', 'REDIS_URL': 'redis://:devpassword@redis', 'MAIL_USERNAME': 'ns3.dnpwater@gmail.com', 'MAIL_SUPPRESS_SEND': False, 'CELERY_TASK_SERIALIZER': 'json', 'CELERY_RESULT_SERIALIZER': 'json', 'SESSION_COOKIE_DOMAIN': None, 'SESSION_COOKIE_NAME': 'session', 'CELERY_BROKER_URL': 'redis://:devpassword@redis:6379/0', 'REDIS_PORT': 6379, 'MAIL_USE_SSL': True, 'MAX_CONTENT_LENGTH': None, 'PERMANENT_SESSION_LIFETIME': datetime.timedelta(31), 'ODOO_URL': 'http://192.168.100.4:8069', 'TRAP_HTTP_EXCEPTIONS': False, 'PRESERVE_CONTEXT_ON_EXCEPTION': None, 'MAIL_DEFAULT_MS3_ADMIN': ['do.tran@dnpcorp.vn'], 'CLOUDINARY_URL': 'cloudinary: // 851844615293399:Rxglnpv8YVypqUkm4GOE4ZPW1JM@dnp', 'CELERY_ACCEPT_CONTENT': ['json'], 'SESSION_COOKIE_PATH': None, 'LOGGER_NAME': 'mrsservice.app', 'SECRET_KEY': 'water@dnp', 'LOG_LEVEL': 'DEBUG', 'APPLICATION_ROOT': None, 'SERVER_NAME': None, 'BABEL_DEFAULT_LOCALE': 'vn', 'PREFERRED_URL_SCHEME': 'http', 'TESTING': False, 'BROKER_POOL_LIMIT': None, 'MAIL_SERVER': 'smtp.gmail.com', 'USE_X_SENDFILE': False, 'SESSION_COOKIE_SECURE': False, 'SEND_FILE_MAX_AGE_DEFAULT': 43200, 'LANGUAGES': {'en': 'English', 'vn': u'Ti\u1ebfng Vi\u1ec7t'}, 'DEBUG': True, 'CELERY_RESULT_BACKEND': 'redis://:devpassword@redis:6379/0', 'REDIS_HOST': 'redis', 'MAIL_PASSWORD': 'zaq1@2wsx#', 'CELERYBEAT_SCHEDULE': {'celery-tasks': {'task': 'mrsservice.blueprints.route.tasks.transaction_event', 'schedule': 60}}, 'JSONIFY_PRETTYPRINT_REGULAR': True, 'PROPAGATE_EXCEPTIONS': None, 'TRAP_BAD_REQUEST_ERRORS': False, 'JSON_SORT_KEYS': True, 'SESSION_COOKIE_HTTPONLY': True, 'CELERY_REDIS_MAX_CONNECTIONS': 5, 'MAIL_PORT': 465, 'TOKEN_PREFIX': 'TOKEN'} [in odoo: /mrsservice/mrsservice/lib/odoo.py:88]
2019-08-22 03:21:04,282 INFO : debug config {'JSON_AS_ASCII': True, 'MAIL_DEFAULT_SENDER': 'ns3.dnpwater@gmail.com', 'REDIS_URL': 'redis://:devpassword@redis', 'MAIL_USERNAME': 'ns3.dnpwater@gmail.com', 'MAIL_SUPPRESS_SEND': False, 'CELERY_TASK_SERIALIZER': 'json', 'CELERY_RESULT_SERIALIZER': 'json', 'SESSION_COOKIE_DOMAIN': None, 'SESSION_COOKIE_NAME': 'session', 'CELERY_BROKER_URL': 'redis://:devpassword@redis:6379/0', 'REDIS_PORT': 6379, 'MAIL_USE_SSL': True, 'MAX_CONTENT_LENGTH': None, 'PERMANENT_SESSION_LIFETIME': datetime.timedelta(31), 'ODOO_URL': 'http://192.168.100.4:8069', 'TRAP_HTTP_EXCEPTIONS': False, 'PRESERVE_CONTEXT_ON_EXCEPTION': None, 'MAIL_DEFAULT_MS3_ADMIN': ['do.tran@dnpcorp.vn'], 'CLOUDINARY_URL': 'cloudinary: // 851844615293399:Rxglnpv8YVypqUkm4GOE4ZPW1JM@dnp', 'CELERY_ACCEPT_CONTENT': ['json'], 'SESSION_COOKIE_PATH': None, 'LOGGER_NAME': 'mrsservice.app', 'SECRET_KEY': 'water@dnp', 'LOG_LEVEL': 'DEBUG', 'APPLICATION_ROOT': None, 'SERVER_NAME': None, 'BABEL_DEFAULT_LOCALE': 'vn', 'PREFERRED_URL_SCHEME': 'http', 'TESTING': False, 'BROKER_POOL_LIMIT': None, 'MAIL_SERVER': 'smtp.gmail.com', 'USE_X_SENDFILE': False, 'SESSION_COOKIE_SECURE': False, 'SEND_FILE_MAX_AGE_DEFAULT': 43200, 'LANGUAGES': {'en': 'English', 'vn': u'Ti\u1ebfng Vi\u1ec7t'}, 'DEBUG': True, 'CELERY_RESULT_BACKEND': 'redis://:devpassword@redis:6379/0', 'REDIS_HOST': 'redis', 'MAIL_PASSWORD': 'zaq1@2wsx#', 'CELERYBEAT_SCHEDULE': {'celery-tasks': {'task': 'mrsservice.blueprints.route.tasks.transaction_event', 'schedule': 60}}, 'JSONIFY_PRETTYPRINT_REGULAR': True, 'PROPAGATE_EXCEPTIONS': None, 'TRAP_BAD_REQUEST_ERRORS': False, 'JSON_SORT_KEYS': True, 'SESSION_COOKIE_HTTPONLY': True, 'CELERY_REDIS_MAX_CONNECTIONS': 5, 'MAIL_PORT': 465, 'TOKEN_PREFIX': 'TOKEN'} [in odoo: /mrsservice/mrsservice/lib/odoo.py:88]
2019-08-22 03:21:44,047 INFO : debug config {'JSON_AS_ASCII': True, 'MAIL_DEFAULT_SENDER': 'ns3.dnpwater@gmail.com', 'REDIS_URL': 'redis://:devpassword@redis', 'MAIL_USERNAME': 'ns3.dnpwater@gmail.com', 'MAIL_SUPPRESS_SEND': False, 'CELERY_TASK_SERIALIZER': 'json', 'CELERY_RESULT_SERIALIZER': 'json', 'SESSION_COOKIE_DOMAIN': None, 'SESSION_COOKIE_NAME': 'session', 'CELERY_BROKER_URL': 'redis://:devpassword@redis:6379/0', 'REDIS_PORT': 6379, 'MAIL_USE_SSL': True, 'MAX_CONTENT_LENGTH': None, 'PERMANENT_SESSION_LIFETIME': datetime.timedelta(31), 'ODOO_URL': 'http://192.168.100.4:8069', 'TRAP_HTTP_EXCEPTIONS': False, 'PRESERVE_CONTEXT_ON_EXCEPTION': None, 'MAIL_DEFAULT_MS3_ADMIN': ['do.tran@dnpcorp.vn'], 'CLOUDINARY_URL': 'cloudinary: // 851844615293399:Rxglnpv8YVypqUkm4GOE4ZPW1JM@dnp', 'CELERY_ACCEPT_CONTENT': ['json'], 'SESSION_COOKIE_PATH': None, 'LOGGER_NAME': 'mrsservice.app', 'SECRET_KEY': 'water@dnp', 'LOG_LEVEL': 'DEBUG', 'APPLICATION_ROOT': None, 'SERVER_NAME': None, 'BABEL_DEFAULT_LOCALE': 'vn', 'PREFERRED_URL_SCHEME': 'http', 'TESTING': False, 'BROKER_POOL_LIMIT': None, 'MAIL_SERVER': 'smtp.gmail.com', 'USE_X_SENDFILE': False, 'SESSION_COOKIE_SECURE': False, 'SEND_FILE_MAX_AGE_DEFAULT': 43200, 'LANGUAGES': {'en': 'English', 'vn': u'Ti\u1ebfng Vi\u1ec7t'}, 'DEBUG': True, 'CELERY_RESULT_BACKEND': 'redis://:devpassword@redis:6379/0', 'REDIS_HOST': 'redis', 'MAIL_PASSWORD': 'zaq1@2wsx#', 'CELERYBEAT_SCHEDULE': {'celery-tasks': {'task': 'mrsservice.blueprints.route.tasks.transaction_event', 'schedule': 60}}, 'JSONIFY_PRETTYPRINT_REGULAR': True, 'PROPAGATE_EXCEPTIONS': None, 'TRAP_BAD_REQUEST_ERRORS': False, 'JSON_SORT_KEYS': True, 'SESSION_COOKIE_HTTPONLY': True, 'CELERY_REDIS_MAX_CONNECTIONS': 5, 'MAIL_PORT': 465, 'TOKEN_PREFIX': 'TOKEN'} [in odoo: /mrsservice/mrsservice/lib/odoo.py:88]
2019-08-22 03:26:45,695 INFO : debug config {'JSON_AS_ASCII': True, 'MAIL_DEFAULT_SENDER': 'ns3.dnpwater@gmail.com', 'REDIS_URL': 'redis://:devpassword@redis', 'MAIL_USERNAME': 'ns3.dnpwater@gmail.com', 'MAIL_SUPPRESS_SEND': False, 'CELERY_TASK_SERIALIZER': 'json', 'CELERY_RESULT_SERIALIZER': 'json', 'SESSION_COOKIE_DOMAIN': None, 'SESSION_COOKIE_NAME': 'session', 'CELERY_BROKER_URL': 'redis://:devpassword@redis:6379/0', 'REDIS_PORT': 6379, 'MAIL_USE_SSL': True, 'MAX_CONTENT_LENGTH': None, 'PERMANENT_SESSION_LIFETIME': datetime.timedelta(31), 'ODOO_URL': 'http://192.168.100.4:8069', 'TRAP_HTTP_EXCEPTIONS': False, 'PRESERVE_CONTEXT_ON_EXCEPTION': None, 'MAIL_DEFAULT_MS3_ADMIN': ['do.tran@dnpcorp.vn'], 'CLOUDINARY_URL': 'cloudinary: // 851844615293399:Rxglnpv8YVypqUkm4GOE4ZPW1JM@dnp', 'CELERY_ACCEPT_CONTENT': ['json'], 'SESSION_COOKIE_PATH': None, 'LOGGER_NAME': 'mrsservice.app', 'SECRET_KEY': 'water@dnp', 'LOG_LEVEL': 'DEBUG', 'APPLICATION_ROOT': None, 'SERVER_NAME': None, 'BABEL_DEFAULT_LOCALE': 'vn', 'PREFERRED_URL_SCHEME': 'http', 'TESTING': False, 'BROKER_POOL_LIMIT': None, 'MAIL_SERVER': 'smtp.gmail.com', 'USE_X_SENDFILE': False, 'SESSION_COOKIE_SECURE': False, 'SEND_FILE_MAX_AGE_DEFAULT': 43200, 'LANGUAGES': {'en': 'English', 'vn': u'Ti\u1ebfng Vi\u1ec7t'}, 'DEBUG': True, 'CELERY_RESULT_BACKEND': 'redis://:devpassword@redis:6379/0', 'REDIS_HOST': 'redis', 'MAIL_PASSWORD': 'zaq1@2wsx#', 'CELERYBEAT_SCHEDULE': {'celery-tasks': {'task': 'mrsservice.blueprints.route.tasks.transaction_event', 'schedule': 60}}, 'JSONIFY_PRETTYPRINT_REGULAR': True, 'PROPAGATE_EXCEPTIONS': None, 'TRAP_BAD_REQUEST_ERRORS': False, 'JSON_SORT_KEYS': True, 'SESSION_COOKIE_HTTPONLY': True, 'CELERY_REDIS_MAX_CONNECTIONS': 5, 'MAIL_PORT': 465, 'TOKEN_PREFIX': 'TOKEN'} [in odoo: /mrsservice/mrsservice/lib/odoo.py:88]
2019-08-22 03:32:26,102 INFO : debug config {'JSON_AS_ASCII': True, 'MAIL_DEFAULT_SENDER': 'ns3.dnpwater@gmail.com', 'REDIS_URL': 'redis://:devpassword@redis', 'MAIL_USERNAME': 'ns3.dnpwater@gmail.com', 'MAIL_SUPPRESS_SEND': False, 'CELERY_TASK_SERIALIZER': 'json', 'CELERY_RESULT_SERIALIZER': 'json', 'SESSION_COOKIE_DOMAIN': None, 'SESSION_COOKIE_NAME': 'session', 'CELERY_BROKER_URL': 'redis://:devpassword@redis:6379/0', 'REDIS_PORT': 6379, 'MAIL_USE_SSL': True, 'MAX_CONTENT_LENGTH': None, 'PERMANENT_SESSION_LIFETIME': datetime.timedelta(31), 'ODOO_URL': 'http://192.168.100.4:8069', 'TRAP_HTTP_EXCEPTIONS': False, 'PRESERVE_CONTEXT_ON_EXCEPTION': None, 'MAIL_DEFAULT_MS3_ADMIN': ['do.tran@dnpcorp.vn'], 'CLOUDINARY_URL': 'cloudinary: // 851844615293399:Rxglnpv8YVypqUkm4GOE4ZPW1JM@dnp', 'CELERY_ACCEPT_CONTENT': ['json'], 'SESSION_COOKIE_PATH': None, 'LOGGER_NAME': 'mrsservice.app', 'SECRET_KEY': 'water@dnp', 'LOG_LEVEL': 'DEBUG', 'APPLICATION_ROOT': None, 'SERVER_NAME': None, 'BABEL_DEFAULT_LOCALE': 'vn', 'PREFERRED_URL_SCHEME': 'http', 'TESTING': False, 'BROKER_POOL_LIMIT': None, 'MAIL_SERVER': 'smtp.gmail.com', 'USE_X_SENDFILE': False, 'SESSION_COOKIE_SECURE': False, 'SEND_FILE_MAX_AGE_DEFAULT': 43200, 'LANGUAGES': {'en': 'English', 'vn': u'Ti\u1ebfng Vi\u1ec7t'}, 'DEBUG': True, 'CELERY_RESULT_BACKEND': 'redis://:devpassword@redis:6379/0', 'REDIS_HOST': 'redis', 'MAIL_PASSWORD': 'zaq1@2wsx#', 'CELERYBEAT_SCHEDULE': {'celery-tasks': {'task': 'mrsservice.blueprints.route.tasks.transaction_event', 'schedule': 60}}, 'JSONIFY_PRETTYPRINT_REGULAR': True, 'PROPAGATE_EXCEPTIONS': None, 'TRAP_BAD_REQUEST_ERRORS': False, 'JSON_SORT_KEYS': True, 'SESSION_COOKIE_HTTPONLY': True, 'CELERY_REDIS_MAX_CONNECTIONS': 5, 'MAIL_PORT': 465, 'TOKEN_PREFIX': 'TOKEN'} [in odoo: /mrsservice/mrsservice/lib/odoo.py:88]
2019-08-22 03:42:39,385 INFO : debug config {'JSON_AS_ASCII': True, 'MAIL_DEFAULT_SENDER': 'ns3.dnpwater@gmail.com', 'REDIS_URL': 'redis://:devpassword@redis', 'MAIL_USERNAME': 'ns3.dnpwater@gmail.com', 'MAIL_SUPPRESS_SEND': False, 'CELERY_TASK_SERIALIZER': 'json', 'CELERY_RESULT_SERIALIZER': 'json', 'SESSION_COOKIE_DOMAIN': None, 'SESSION_COOKIE_NAME': 'session', 'CELERY_BROKER_URL': 'redis://:devpassword@redis:6379/0', 'REDIS_PORT': 6379, 'MAIL_USE_SSL': True, 'MAX_CONTENT_LENGTH': None, 'PERMANENT_SESSION_LIFETIME': datetime.timedelta(31), 'ODOO_URL': 'http://192.168.100.4:8069', 'TRAP_HTTP_EXCEPTIONS': False, 'PRESERVE_CONTEXT_ON_EXCEPTION': None, 'MAIL_DEFAULT_MS3_ADMIN': ['do.tran@dnpcorp.vn'], 'CLOUDINARY_URL': 'cloudinary: // 851844615293399:Rxglnpv8YVypqUkm4GOE4ZPW1JM@dnp', 'CELERY_ACCEPT_CONTENT': ['json'], 'SESSION_COOKIE_PATH': None, 'LOGGER_NAME': 'mrsservice.app', 'SECRET_KEY': 'water@dnp', 'LOG_LEVEL': 'DEBUG', 'APPLICATION_ROOT': None, 'SERVER_NAME': None, 'BABEL_DEFAULT_LOCALE': 'vn', 'PREFERRED_URL_SCHEME': 'http', 'TESTING': False, 'BROKER_POOL_LIMIT': None, 'MAIL_SERVER': 'smtp.gmail.com', 'USE_X_SENDFILE': False, 'SESSION_COOKIE_SECURE': False, 'SEND_FILE_MAX_AGE_DEFAULT': 43200, 'LANGUAGES': {'en': 'English', 'vn': u'Ti\u1ebfng Vi\u1ec7t'}, 'DEBUG': True, 'CELERY_RESULT_BACKEND': 'redis://:devpassword@redis:6379/0', 'REDIS_HOST': 'redis', 'MAIL_PASSWORD': 'zaq1@2wsx#', 'CELERYBEAT_SCHEDULE': {'celery-tasks': {'task': 'mrsservice.blueprints.route.tasks.transaction_event', 'schedule': 60}}, 'JSONIFY_PRETTYPRINT_REGULAR': True, 'PROPAGATE_EXCEPTIONS': None, 'TRAP_BAD_REQUEST_ERRORS': False, 'JSON_SORT_KEYS': True, 'SESSION_COOKIE_HTTPONLY': True, 'CELERY_REDIS_MAX_CONNECTIONS': 5, 'MAIL_PORT': 465, 'TOKEN_PREFIX': 'TOKEN'} [in odoo: /mrsservice/mrsservice/lib/odoo.py:88]
2019-08-22 03:43:02,128 INFO : debug config {'JSON_AS_ASCII': True, 'MAIL_DEFAULT_SENDER': 'ns3.dnpwater@gmail.com', 'REDIS_URL': 'redis://:devpassword@redis', 'MAIL_USERNAME': 'ns3.dnpwater@gmail.com', 'MAIL_SUPPRESS_SEND': False, 'CELERY_TASK_SERIALIZER': 'json', 'CELERY_RESULT_SERIALIZER': 'json', 'SESSION_COOKIE_DOMAIN': None, 'SESSION_COOKIE_NAME': 'session', 'CELERY_BROKER_URL': 'redis://:devpassword@redis:6379/0', 'REDIS_PORT': 6379, 'MAIL_USE_SSL': True, 'MAX_CONTENT_LENGTH': None, 'PERMANENT_SESSION_LIFETIME': datetime.timedelta(31), 'ODOO_URL': 'http://192.168.100.4:8069', 'TRAP_HTTP_EXCEPTIONS': False, 'PRESERVE_CONTEXT_ON_EXCEPTION': None, 'MAIL_DEFAULT_MS3_ADMIN': ['do.tran@dnpcorp.vn'], 'CLOUDINARY_URL': 'cloudinary: // 851844615293399:Rxglnpv8YVypqUkm4GOE4ZPW1JM@dnp', 'CELERY_ACCEPT_CONTENT': ['json'], 'SESSION_COOKIE_PATH': None, 'LOGGER_NAME': 'mrsservice.app', 'SECRET_KEY': 'water@dnp', 'LOG_LEVEL': 'DEBUG', 'APPLICATION_ROOT': None, 'SERVER_NAME': None, 'BABEL_DEFAULT_LOCALE': 'vn', 'PREFERRED_URL_SCHEME': 'http', 'TESTING': False, 'BROKER_POOL_LIMIT': None, 'MAIL_SERVER': 'smtp.gmail.com', 'USE_X_SENDFILE': False, 'SESSION_COOKIE_SECURE': False, 'SEND_FILE_MAX_AGE_DEFAULT': 43200, 'LANGUAGES': {'en': 'English', 'vn': u'Ti\u1ebfng Vi\u1ec7t'}, 'DEBUG': True, 'CELERY_RESULT_BACKEND': 'redis://:devpassword@redis:6379/0', 'REDIS_HOST': 'redis', 'MAIL_PASSWORD': 'zaq1@2wsx#', 'CELERYBEAT_SCHEDULE': {'celery-tasks': {'task': 'mrsservice.blueprints.route.tasks.transaction_event', 'schedule': 60}}, 'JSONIFY_PRETTYPRINT_REGULAR': True, 'PROPAGATE_EXCEPTIONS': None, 'TRAP_BAD_REQUEST_ERRORS': False, 'JSON_SORT_KEYS': True, 'SESSION_COOKIE_HTTPONLY': True, 'CELERY_REDIS_MAX_CONNECTIONS': 5, 'MAIL_PORT': 465, 'TOKEN_PREFIX': 'TOKEN'} [in odoo: /mrsservice/mrsservice/lib/odoo.py:88]
2019-08-22 03:50:52,404 INFO : debug config {'JSON_AS_ASCII': True, 'MAIL_DEFAULT_SENDER': 'ns3.dnpwater@gmail.com', 'REDIS_URL': 'redis://:devpassword@redis', 'MAIL_USERNAME': 'ns3.dnpwater@gmail.com', 'MAIL_SUPPRESS_SEND': False, 'CELERY_TASK_SERIALIZER': 'json', 'CELERY_RESULT_SERIALIZER': 'json', 'SESSION_COOKIE_DOMAIN': None, 'SESSION_COOKIE_NAME': 'session', 'CELERY_BROKER_URL': 'redis://:devpassword@redis:6379/0', 'REDIS_PORT': 6379, 'MAIL_USE_SSL': True, 'MAX_CONTENT_LENGTH': None, 'PERMANENT_SESSION_LIFETIME': datetime.timedelta(31), 'ODOO_URL': 'http://192.168.100.4:8069', 'TRAP_HTTP_EXCEPTIONS': False, 'PRESERVE_CONTEXT_ON_EXCEPTION': None, 'MAIL_DEFAULT_MS3_ADMIN': ['do.tran@dnpcorp.vn'], 'CLOUDINARY_URL': 'cloudinary: // 851844615293399:Rxglnpv8YVypqUkm4GOE4ZPW1JM@dnp', 'CELERY_ACCEPT_CONTENT': ['json'], 'SESSION_COOKIE_PATH': None, 'LOGGER_NAME': 'mrsservice.app', 'SECRET_KEY': 'water@dnp', 'LOG_LEVEL': 'DEBUG', 'APPLICATION_ROOT': None, 'SERVER_NAME': None, 'BABEL_DEFAULT_LOCALE': 'vn', 'PREFERRED_URL_SCHEME': 'http', 'TESTING': False, 'BROKER_POOL_LIMIT': None, 'MAIL_SERVER': 'smtp.gmail.com', 'USE_X_SENDFILE': False, 'SESSION_COOKIE_SECURE': False, 'SEND_FILE_MAX_AGE_DEFAULT': 43200, 'LANGUAGES': {'en': 'English', 'vn': u'Ti\u1ebfng Vi\u1ec7t'}, 'DEBUG': True, 'CELERY_RESULT_BACKEND': 'redis://:devpassword@redis:6379/0', 'REDIS_HOST': 'redis', 'MAIL_PASSWORD': 'zaq1@2wsx#', 'CELERYBEAT_SCHEDULE': {'celery-tasks': {'task': 'mrsservice.blueprints.route.tasks.transaction_event', 'schedule': 60}}, 'JSONIFY_PRETTYPRINT_REGULAR': True, 'PROPAGATE_EXCEPTIONS': None, 'TRAP_BAD_REQUEST_ERRORS': False, 'JSON_SORT_KEYS': True, 'SESSION_COOKIE_HTTPONLY': True, 'CELERY_REDIS_MAX_CONNECTIONS': 5, 'MAIL_PORT': 465, 'TOKEN_PREFIX': 'TOKEN'} [in odoo: /mrsservice/mrsservice/lib/odoo.py:88]
2019-08-22 04:02:43,653 INFO : debug vals {u'lat': 329.0, u'lng': 12.12, u'image_url': [u'https://zalo.png', u'https://zalo.png'], u'results': u'Ok'} [in model: /mrsservice/mrsservice/blueprints/ticket/model.py:33]
2019-08-22 04:03:16,035 INFO : debug vals {u'lat': 329.0, u'lng': 12.12, u'image_url': [u'https://zalo.png', u'https://zalo.png'], u'results': u'Ok'} [in model: /mrsservice/mrsservice/blueprints/ticket/model.py:33]
2019-08-22 04:04:37,774 INFO : debug vals 329.0 [in model: /mrsservice/mrsservice/blueprints/ticket/model.py:33]
2019-08-22 04:04:54,498 INFO : debug vals 329.0 [in model: /mrsservice/mrsservice/blueprints/ticket/model.py:33]
2019-08-22 04:07:01,550 INFO : debug vals {u'lat': 329.0, u'lng': 12.12, u'image_url': [u'https://zalo.png', u'https://zalo.png'], u'results': u'Ok'} [in model: /mrsservice/mrsservice/blueprints/ticket/model.py:33]
2019-08-22 04:09:23,185 INFO : debug vals 329.0 - 12.12 - [u'https://zalo.png', u'https://zalo.png'] - Ok [in model: /mrsservice/mrsservice/blueprints/ticket/model.py:39]
2019-08-22 04:09:30,558 INFO : debug vals 329.0 - 12.12 - [u'https://zalo.png', u'https://zalo.png'] - Ok [in model: /mrsservice/mrsservice/blueprints/ticket/model.py:39]
2019-08-22 04:10:23,560 INFO : debug {u'lat': 329.0, u'lng': 12.12, u'image_url': [u'https://zalo.png', u'https://zalo.png'], u'results': u'Ok'} [in model: /mrsservice/mrsservice/blueprints/ticket/model.py:33]
2019-08-22 04:10:23,560 INFO : debug vals 329.0 - 12.12 - [u'https://zalo.png', u'https://zalo.png'] - Ok [in model: /mrsservice/mrsservice/blueprints/ticket/model.py:39]
2019-08-22 04:13:13,700 INFO : debug {u'lat': 329.0, u'lng': 12.12, u'image_url': [u'https://zalo.png', u'https://zalo.png'], u'results': u'Ok'} [in model: /mrsservice/mrsservice/blueprints/ticket/model.py:33]
2019-08-22 04:13:40,822 INFO : debug {u'lat': 329.0, u'lng': 12.12, u'image_url': [u'https://zalo.png', u'https://zalo.png'], u'results': u'Ok'} [in model: /mrsservice/mrsservice/blueprints/ticket/model.py:33]
2019-08-22 04:13:40,822 INFO : debug vals https://zalo.png [in model: /mrsservice/mrsservice/blueprints/ticket/model.py:45]
2019-08-22 04:13:40,822 INFO : debug vals https://zalo.png [in model: /mrsservice/mrsservice/blueprints/ticket/model.py:45]
2019-08-22 04:14:02,145 INFO : debug {u'lat': 329.0, u'lng': 12.12, u'image_url': [u'https://zalo.png', u'https://zalo1.png'], u'results': u'Ok'} [in model: /mrsservice/mrsservice/blueprints/ticket/model.py:33]
2019-08-22 04:14:02,146 INFO : debug vals https://zalo.png [in model: /mrsservice/mrsservice/blueprints/ticket/model.py:45]
2019-08-22 04:14:02,146 INFO : debug vals https://zalo1.png [in model: /mrsservice/mrsservice/blueprints/ticket/model.py:45]
2019-08-22 04:14:24,115 INFO : debug {u'lat': 329.0, u'lng': 12.12, u'image_url': [u'https://zalo.png', u'https://zalo1.png'], u'results': u'Ok'} [in model: /mrsservice/mrsservice/blueprints/ticket/model.py:33]
2019-08-22 04:14:24,115 INFO : debug vals {u'lat': 329.0, u'lng': 12.12, u'image_url': [u'https://zalo.png', u'https://zalo1.png'], u'results': u'Ok'} [in model: /mrsservice/mrsservice/blueprints/ticket/model.py:38]
2019-08-22 04:14:24,115 INFO : debug vals https://zalo.png [in model: /mrsservice/mrsservice/blueprints/ticket/model.py:45]
2019-08-22 04:14:24,115 INFO : debug vals https://zalo1.png [in model: /mrsservice/mrsservice/blueprints/ticket/model.py:45]
2019-08-22 04:14:37,232 INFO : debug {u'lat': 329.0, u'lng': 12.12, u'image_url': [u'https://zalo.png', u'https://zalo1.png'], u'results': u'Ok'} [in model: /mrsservice/mrsservice/blueprints/ticket/model.py:33]
2019-08-22 04:14:37,232 INFO : debug vals [u'https://zalo.png', u'https://zalo1.png'] [in model: /mrsservice/mrsservice/blueprints/ticket/model.py:38]
2019-08-22 04:14:37,232 INFO : debug vals https://zalo.png [in model: /mrsservice/mrsservice/blueprints/ticket/model.py:45]
2019-08-22 04:14:37,232 INFO : debug vals https://zalo1.png [in model: /mrsservice/mrsservice/blueprints/ticket/model.py:45]
2019-08-22 04:16:44,915 INFO : debug {u'lat': 329.0, u'lng': 12.12, u'image_url': [u'https://zalo.png', u'https://zalo1.png'], u'results': u'Ok'} [in model: /mrsservice/mrsservice/blueprints/ticket/model.py:33]
2019-08-22 04:16:44,916 INFO : debug vals {u'kanban_state': u'done', u'results': u'Ok'} [in model: /mrsservice/mrsservice/blueprints/ticket/model.py:43]
2019-08-22 04:17:16,395 INFO : debug {u'lat': 329.0, u'lng': 12.12, u'image_url': [u'https://zalo.png', u'https://zalo1.png'], u'results': u'Ok'} [in model: /mrsservice/mrsservice/blueprints/ticket/model.py:33]
2019-08-22 04:17:16,396 INFO : debug vals {u'kanban_state': u'done', u'results': u'Ok'} [in model: /mrsservice/mrsservice/blueprints/ticket/model.py:43]
2019-08-22 04:17:16,396 INFO : debug vals {u'lat': 329.0, u'lng': 12.12, u'image_url': 'https://zalo.png', u'id_ticket': 12345} [in model: /mrsservice/mrsservice/blueprints/ticket/model.py:52]
2019-08-22 04:17:16,396 INFO : debug vals {u'lat': 329.0, u'lng': 12.12, u'image_url': 'https://zalo1.png', u'id_ticket': 12345} [in model: /mrsservice/mrsservice/blueprints/ticket/model.py:52]
2019-08-22 04:18:48,262 INFO : debug {u'lat': 329.0, u'lng': 12.12, u'image_url': [u'https://zalo.png', u'https://zalo1.png'], u'results': u'Ok'} [in model: /mrsservice/mrsservice/blueprints/ticket/model.py:33]
2019-08-22 04:19:18,726 INFO : debug {"id": null, "jsonrpc": "2.0"} [in odoo: /mrsservice/mrsservice/lib/odoo.py:155]
2019-08-22 04:19:19,055 INFO : debug {"id": null, "jsonrpc": "2.0", "result": "{\"error\": \" null value in column \\\"ticket_type_id\\\" violates not-null constraint\\nDETAIL:  Failing row contains (13191, null, TK07517, 33c3278d-8895-45b4-9530-4efc4bef3be4, 1, null, t, null, null, null, normal, null, null, null, null, 0, 1, null, null, null, null, null, null, null, f, f, null, null, null, null, null, 970, 2019-08-22 04:19:18.774556, 970, 2019-08-22 04:19:18.774556, null, 2019-08-22 04:19:19, 2019-08-22 04:19:18, null, null, null, null, f, https://zalo.png, null, null, null, null, null, null, null, null).\\n\"}"} [in odoo: /mrsservice/mrsservice/lib/odoo.py:49]
2019-08-22 04:19:19,076 INFO : debug config {'JSON_AS_ASCII': True, 'MAIL_DEFAULT_SENDER': 'ns3.dnpwater@gmail.com', 'REDIS_URL': 'redis://:devpassword@redis', 'MAIL_USERNAME': 'ns3.dnpwater@gmail.com', 'MAIL_SUPPRESS_SEND': False, 'CELERY_TASK_SERIALIZER': 'json', 'CELERY_RESULT_SERIALIZER': 'json', 'SESSION_COOKIE_DOMAIN': None, 'SESSION_COOKIE_NAME': 'session', 'CELERY_BROKER_URL': 'redis://:devpassword@redis:6379/0', 'REDIS_PORT': 6379, 'MAIL_USE_SSL': True, 'MAX_CONTENT_LENGTH': None, 'PERMANENT_SESSION_LIFETIME': datetime.timedelta(31), 'ODOO_URL': 'http://192.168.100.4:8069', 'TRAP_HTTP_EXCEPTIONS': False, 'PRESERVE_CONTEXT_ON_EXCEPTION': None, 'MAIL_DEFAULT_MS3_ADMIN': ['do.tran@dnpcorp.vn'], 'CLOUDINARY_URL': 'cloudinary: // 851844615293399:Rxglnpv8YVypqUkm4GOE4ZPW1JM@dnp', 'CELERY_ACCEPT_CONTENT': ['json'], 'SESSION_COOKIE_PATH': None, 'LOGGER_NAME': 'mrsservice.app', 'SECRET_KEY': 'water@dnp', 'LOG_LEVEL': 'DEBUG', 'APPLICATION_ROOT': None, 'SERVER_NAME': None, 'BABEL_DEFAULT_LOCALE': 'vn', 'PREFERRED_URL_SCHEME': 'http', 'TESTING': False, 'BROKER_POOL_LIMIT': None, 'MAIL_SERVER': 'smtp.gmail.com', 'USE_X_SENDFILE': False, 'SESSION_COOKIE_SECURE': False, 'SEND_FILE_MAX_AGE_DEFAULT': 43200, 'LANGUAGES': {'en': 'English', 'vn': u'Ti\u1ebfng Vi\u1ec7t'}, 'DEBUG': True, 'CELERY_RESULT_BACKEND': 'redis://:devpassword@redis:6379/0', 'REDIS_HOST': 'redis', 'MAIL_PASSWORD': 'zaq1@2wsx#', 'CELERYBEAT_SCHEDULE': {'celery-tasks': {'task': 'mrsservice.blueprints.route.tasks.transaction_event', 'schedule': 60}}, 'JSONIFY_PRETTYPRINT_REGULAR': True, 'PROPAGATE_EXCEPTIONS': None, 'TRAP_BAD_REQUEST_ERRORS': False, 'JSON_SORT_KEYS': True, 'SESSION_COOKIE_HTTPONLY': True, 'CELERY_REDIS_MAX_CONNECTIONS': 5, 'MAIL_PORT': 465, 'TOKEN_PREFIX': 'TOKEN'} [in odoo: /mrsservice/mrsservice/lib/odoo.py:88]
2019-08-22 04:19:59,928 INFO : debug {u'lat': 329.0, u'lng': 12.12, u'image_url': [u'https://zalo.png', u'https://zalo1.png'], u'results': u'Ok'} [in model: /mrsservice/mrsservice/blueprints/ticket/model.py:33]
2019-08-22 04:19:59,957 INFO : debug {"id": null, "jsonrpc": "2.0"} [in odoo: /mrsservice/mrsservice/lib/odoo.py:155]
2019-08-22 04:20:31,633 INFO : debug {u'lat': 329.0, u'lng': 12.12, u'image_url': [u'https://zalo.png', u'https://zalo1.png'], u'results': u'Ok'} [in model: /mrsservice/mrsservice/blueprints/ticket/model.py:33]
2019-08-22 04:20:31,666 INFO : debug {"id": null, "jsonrpc": "2.0", "result": "{\"error\": \" null value in column \\\"ticket_type_id\\\" violates not-null constraint\\nDETAIL:  Failing row contains (13192, null, TK07518, e9ad76d8-9373-441f-98d5-dd12c0cd903a, 1, null, t, null, null, null, normal, null, null, null, null, 0, 1, null, null, null, null, null, null, null, f, f, null, null, null, null, null, 970, 2019-08-22 04:20:31.644009, 970, 2019-08-22 04:20:31.644009, null, 2019-08-22 04:20:31, 2019-08-22 04:20:31, null, null, null, null, f, https://zalo.png, null, null, null, null, null, null, null, null).\\n\"}"} [in odoo: /mrsservice/mrsservice/lib/odoo.py:49]
2019-08-22 04:20:31,675 INFO : debug config {'JSON_AS_ASCII': True, 'MAIL_DEFAULT_SENDER': 'ns3.dnpwater@gmail.com', 'REDIS_URL': 'redis://:devpassword@redis', 'MAIL_USERNAME': 'ns3.dnpwater@gmail.com', 'MAIL_SUPPRESS_SEND': False, 'CELERY_TASK_SERIALIZER': 'json', 'CELERY_RESULT_SERIALIZER': 'json', 'SESSION_COOKIE_DOMAIN': None, 'SESSION_COOKIE_NAME': 'session', 'CELERY_BROKER_URL': 'redis://:devpassword@redis:6379/0', 'REDIS_PORT': 6379, 'MAIL_USE_SSL': True, 'MAX_CONTENT_LENGTH': None, 'PERMANENT_SESSION_LIFETIME': datetime.timedelta(31), 'ODOO_URL': 'http://192.168.100.4:8069', 'TRAP_HTTP_EXCEPTIONS': False, 'PRESERVE_CONTEXT_ON_EXCEPTION': None, 'MAIL_DEFAULT_MS3_ADMIN': ['do.tran@dnpcorp.vn'], 'CLOUDINARY_URL': 'cloudinary: // 851844615293399:Rxglnpv8YVypqUkm4GOE4ZPW1JM@dnp', 'CELERY_ACCEPT_CONTENT': ['json'], 'SESSION_COOKIE_PATH': None, 'LOGGER_NAME': 'mrsservice.app', 'SECRET_KEY': 'water@dnp', 'LOG_LEVEL': 'DEBUG', 'APPLICATION_ROOT': None, 'SERVER_NAME': None, 'BABEL_DEFAULT_LOCALE': 'vn', 'PREFERRED_URL_SCHEME': 'http', 'TESTING': False, 'BROKER_POOL_LIMIT': None, 'MAIL_SERVER': 'smtp.gmail.com', 'USE_X_SENDFILE': False, 'SESSION_COOKIE_SECURE': False, 'SEND_FILE_MAX_AGE_DEFAULT': 43200, 'LANGUAGES': {'en': 'English', 'vn': u'Ti\u1ebfng Vi\u1ec7t'}, 'DEBUG': True, 'CELERY_RESULT_BACKEND': 'redis://:devpassword@redis:6379/0', 'REDIS_HOST': 'redis', 'MAIL_PASSWORD': 'zaq1@2wsx#', 'CELERYBEAT_SCHEDULE': {'celery-tasks': {'task': 'mrsservice.blueprints.route.tasks.transaction_event', 'schedule': 60}}, 'JSONIFY_PRETTYPRINT_REGULAR': True, 'PROPAGATE_EXCEPTIONS': None, 'TRAP_BAD_REQUEST_ERRORS': False, 'JSON_SORT_KEYS': True, 'SESSION_COOKIE_HTTPONLY': True, 'CELERY_REDIS_MAX_CONNECTIONS': 5, 'MAIL_PORT': 465, 'TOKEN_PREFIX': 'TOKEN'} [in odoo: /mrsservice/mrsservice/lib/odoo.py:88]
2019-08-22 04:21:46,596 INFO : debug {u'lat': 329.0, u'lng': 12.12, u'image_url': [u'https://zalo.png', u'https://zalo1.png'], u'results': u'Ok'} [in model: /mrsservice/mrsservice/blueprints/ticket/model.py:33]
2019-08-22 04:21:46,596 INFO : debug helpdesk.ticket [in model: /mrsservice/mrsservice/blueprints/ticket/model.py:52]
2019-08-22 04:21:46,596 INFO : debug helpdesk.ticket [in model: /mrsservice/mrsservice/blueprints/ticket/model.py:52]
2019-08-22 04:22:35,794 INFO : debug {u'lat': 329.0, u'lng': 12.12, u'image_url': [u'https://zalo.png', u'https://zalo1.png'], u'results': u'Ok'} [in model: /mrsservice/mrsservice/blueprints/ticket/model.py:33]
2019-08-22 04:22:35,810 INFO : debug {"id": null, "jsonrpc": "2.0", "result": "{\"error\": \" Wrong value for helpdesk.ticket.coordinates.gps_action: 'others'\"}"} [in odoo: /mrsservice/mrsservice/lib/odoo.py:49]
2019-08-22 04:22:35,819 INFO : debug config {'JSON_AS_ASCII': True, 'MAIL_DEFAULT_SENDER': 'ns3.dnpwater@gmail.com', 'REDIS_URL': 'redis://:devpassword@redis', 'MAIL_USERNAME': 'ns3.dnpwater@gmail.com', 'MAIL_SUPPRESS_SEND': False, 'CELERY_TASK_SERIALIZER': 'json', 'CELERY_RESULT_SERIALIZER': 'json', 'SESSION_COOKIE_DOMAIN': None, 'SESSION_COOKIE_NAME': 'session', 'CELERY_BROKER_URL': 'redis://:devpassword@redis:6379/0', 'REDIS_PORT': 6379, 'MAIL_USE_SSL': True, 'MAX_CONTENT_LENGTH': None, 'PERMANENT_SESSION_LIFETIME': datetime.timedelta(31), 'ODOO_URL': 'http://192.168.100.4:8069', 'TRAP_HTTP_EXCEPTIONS': False, 'PRESERVE_CONTEXT_ON_EXCEPTION': None, 'MAIL_DEFAULT_MS3_ADMIN': ['do.tran@dnpcorp.vn'], 'CLOUDINARY_URL': 'cloudinary: // 851844615293399:Rxglnpv8YVypqUkm4GOE4ZPW1JM@dnp', 'CELERY_ACCEPT_CONTENT': ['json'], 'SESSION_COOKIE_PATH': None, 'LOGGER_NAME': 'mrsservice.app', 'SECRET_KEY': 'water@dnp', 'LOG_LEVEL': 'DEBUG', 'APPLICATION_ROOT': None, 'SERVER_NAME': None, 'BABEL_DEFAULT_LOCALE': 'vn', 'PREFERRED_URL_SCHEME': 'http', 'TESTING': False, 'BROKER_POOL_LIMIT': None, 'MAIL_SERVER': 'smtp.gmail.com', 'USE_X_SENDFILE': False, 'SESSION_COOKIE_SECURE': False, 'SEND_FILE_MAX_AGE_DEFAULT': 43200, 'LANGUAGES': {'en': 'English', 'vn': u'Ti\u1ebfng Vi\u1ec7t'}, 'DEBUG': True, 'CELERY_RESULT_BACKEND': 'redis://:devpassword@redis:6379/0', 'REDIS_HOST': 'redis', 'MAIL_PASSWORD': 'zaq1@2wsx#', 'CELERYBEAT_SCHEDULE': {'celery-tasks': {'task': 'mrsservice.blueprints.route.tasks.transaction_event', 'schedule': 60}}, 'JSONIFY_PRETTYPRINT_REGULAR': True, 'PROPAGATE_EXCEPTIONS': None, 'TRAP_BAD_REQUEST_ERRORS': False, 'JSON_SORT_KEYS': True, 'SESSION_COOKIE_HTTPONLY': True, 'CELERY_REDIS_MAX_CONNECTIONS': 5, 'MAIL_PORT': 465, 'TOKEN_PREFIX': 'TOKEN'} [in odoo: /mrsservice/mrsservice/lib/odoo.py:88]
2019-08-22 04:23:38,777 INFO : debug {u'lat': 329.0, u'lng': 12.12, u'image_url': [u'https://zalo.png', u'https://zalo1.png'], u'results': u'Ok'} [in model: /mrsservice/mrsservice/blueprints/ticket/model.py:33]
2019-08-22 04:23:38,799 INFO : debug {"id": null, "jsonrpc": "2.0", "result": "{\"success\": {\"id\": 1}}"} [in odoo: /mrsservice/mrsservice/lib/odoo.py:49]
2019-08-22 04:23:38,814 INFO : debug {"id": null, "jsonrpc": "2.0", "result": "{\"success\": {\"id\": 2}}"} [in odoo: /mrsservice/mrsservice/lib/odoo.py:49]
2019-08-22 04:26:37,907 INFO : debug {u'lat': 329.0, u'lng': 12.12, u'image_url': [u'https://zalo.png', u'https://zalo1.png'], u'results': u'Ok'} [in model: /mrsservice/mrsservice/blueprints/ticket/model.py:59]
2019-08-22 04:26:37,950 INFO : debug {"id": null, "jsonrpc": "2.0"} [in odoo: /mrsservice/mrsservice/lib/odoo.py:155]
2019-08-22 04:26:37,963 INFO : debug {"id": null, "jsonrpc": "2.0", "result": "{\"success\": {\"id\": 3}}"} [in odoo: /mrsservice/mrsservice/lib/odoo.py:49]
2019-08-22 04:26:37,976 INFO : debug {"id": null, "jsonrpc": "2.0", "result": "{\"success\": {\"id\": 4}}"} [in odoo: /mrsservice/mrsservice/lib/odoo.py:49]
2019-08-22 04:31:42,215 INFO : debug {u'lat': 329.0, u'lng': 12.12, u'image_url': [u'https://zalo.png', u'https://zalo1.png'], u'work_incident': u'work_incident'} [in model: /mrsservice/mrsservice/blueprints/ticket/model.py:33]
2019-08-22 04:31:42,251 INFO : debug {"id": null, "jsonrpc": "2.0"} [in odoo: /mrsservice/mrsservice/lib/odoo.py:155]
2019-08-22 04:31:42,264 INFO : debug {"id": null, "jsonrpc": "2.0", "result": "{\"success\": {\"id\": 5}}"} [in odoo: /mrsservice/mrsservice/lib/odoo.py:49]
2019-08-22 04:31:42,276 INFO : debug {"id": null, "jsonrpc": "2.0", "result": "{\"success\": {\"id\": 6}}"} [in odoo: /mrsservice/mrsservice/lib/odoo.py:49]
2019-08-22 04:32:32,141 INFO : debug {u'lat': 329.0, u'lng': 12.12, u'image_url': [u'https://zalo.png', u'https://zalo1.png'], u'results': u'Ok 112'} [in model: /mrsservice/mrsservice/blueprints/ticket/model.py:59]
2019-08-22 04:32:55,530 INFO : debug {"id": null, "jsonrpc": "2.0"} [in odoo: /mrsservice/mrsservice/lib/odoo.py:155]
2019-08-22 04:32:55,590 INFO : debug {"id": null, "jsonrpc": "2.0", "result": "{\"success\": {\"id\": 7}}"} [in odoo: /mrsservice/mrsservice/lib/odoo.py:49]
2019-08-22 04:32:55,607 INFO : debug {"id": null, "jsonrpc": "2.0", "result": "{\"success\": {\"id\": 8}}"} [in odoo: /mrsservice/mrsservice/lib/odoo.py:49]
